--------------------------------------------------------------------------------
Command:            ./so_long maps/map.ber
Massif arguments:   (none)
ms_print arguments: massif.out.7729
--------------------------------------------------------------------------------


    MB
1.337^                                                                       #
     |@:::::::::::::::::::::::::::::::::::::::::::::::::::@::::::@::::::@::::#
     |@::::::::::::::::::::::::::::::: :: :: :: :: :::::::@::::::@::::::@::::#
     |@::::::::::::::::::::::::::::::: :: :: :: :: :::::::@::::::@::::::@::::#
     |@::::::::::::::::::::::::::::::: :: :: :: :: :::::::@::::::@::::::@::::#
     |@::::::::::::::::::::::::::::::: :: :: :: :: :::::::@::::::@::::::@::::#
     |@::::::::::::::::::::::::::::::: :: :: :: :: :::::::@::::::@::::::@::::#
     |@::::::::::::::::::::::::::::::: :: :: :: :: :::::::@::::::@::::::@::::#
     |@::::::::::::::::::::::::::::::: :: :: :: :: :::::::@::::::@::::::@::::#
     |@::::::::::::::::::::::::::::::: :: :: :: :: :::::::@::::::@::::::@::::#
     |@::::::::::::::::::::::::::::::: :: :: :: :: :::::::@::::::@::::::@::::#
     |@::::::::::::::::::::::::::::::: :: :: :: :: :::::::@::::::@::::::@::::#
     |@::::::::::::::::::::::::::::::: :: :: :: :: :::::::@::::::@::::::@::::#
     |@::::::::::::::::::::::::::::::: :: :: :: :: :::::::@::::::@::::::@::::#
     |@::::::::::::::::::::::::::::::: :: :: :: :: :::::::@::::::@::::::@::::#
     |@::::::::::::::::::::::::::::::: :: :: :: :: :::::::@::::::@::::::@::::#
     |@::::::::::::::::::::::::::::::: :: :: :: :: :::::::@::::::@::::::@::::#
     |@::::::::::::::::::::::::::::::: :: :: :: :: :::::::@::::::@::::::@::::#
     |@::::::::::::::::::::::::::::::: :: :: :: :: :::::::@::::::@::::::@::::#
     |@::::::::::::::::::::::::::::::: :: :: :: :: :::::::@::::::@::::::@::::#
   0 +----------------------------------------------------------------------->Mi
     0                                                                   695.7

Number of snapshots: 82
 Detailed snapshots: [1, 54, 64, 74, 81 (peak)]

--------------------------------------------------------------------------------
  n        time(i)         total(B)   useful-heap(B) extra-heap(B)    stacks(B)
--------------------------------------------------------------------------------
  0              0                0                0             0            0
  1        652,438        1,387,696        1,385,192         2,504            0
99.82% (1,385,192B) (heap allocation functions) malloc/new/new[], --alloc-fns, etc.
->94.45% (1,310,720B) 0x10F5D7: get_map (maps.c:41)
| ->94.45% (1,310,720B) 0x10F48B: main (main.c:11)
|   
->01.53% (21,208B) 0x4C0BF47: xcb_connect_to_fd (in /usr/lib/aarch64-linux-gnu/libxcb.so.1.1.0)
| ->01.53% (21,208B) 0x4C105A7: xcb_connect_to_display_with_auth_info (in /usr/lib/aarch64-linux-gnu/libxcb.so.1.1.0)
|   ->01.53% (21,208B) 0x49335E3: _XConnectXCB (in /usr/lib/aarch64-linux-gnu/libX11.so.6.4.0)
|     ->01.53% (21,208B) 0x49244AB: XOpenDisplay (in /usr/lib/aarch64-linux-gnu/libX11.so.6.4.0)
|       ->01.53% (21,208B) 0x10FCE7: mlx_init (in /home/svn7zv/C42/02_CommonCore/2_ring/2_so_long/so_long)
|         ->01.53% (21,208B) 0x10E673: get_assets (assets.c:35)
|           ->01.53% (21,208B) 0x10F497: main (main.c:12)
|             
->01.40% (19,408B) in 46 places, all below massif's threshold (1.00%)
| 
->01.26% (17,472B) 0x492493F: XOpenDisplay (in /usr/lib/aarch64-linux-gnu/libX11.so.6.4.0)
| ->01.26% (17,472B) 0x10FCE7: mlx_init (in /home/svn7zv/C42/02_CommonCore/2_ring/2_so_long/so_long)
|   ->01.26% (17,472B) 0x10E673: get_assets (assets.c:35)
|     ->01.26% (17,472B) 0x10F497: main (main.c:12)
|       
->01.18% (16,384B) 0x492466B: XOpenDisplay (in /usr/lib/aarch64-linux-gnu/libX11.so.6.4.0)
  ->01.18% (16,384B) 0x10FCE7: mlx_init (in /home/svn7zv/C42/02_CommonCore/2_ring/2_so_long/so_long)
    ->01.18% (16,384B) 0x10E673: get_assets (assets.c:35)
      ->01.18% (16,384B) 0x10F497: main (main.c:12)
        
--------------------------------------------------------------------------------
  n        time(i)         total(B)   useful-heap(B) extra-heap(B)    stacks(B)
--------------------------------------------------------------------------------
  2     15,602,127        1,396,720        1,393,567         3,153            0
  3     24,735,471        1,396,720        1,393,567         3,153            0
  4     33,868,815        1,396,720        1,393,567         3,153            0
  5     44,217,824        1,396,720        1,393,567         3,153            0
  6     52,505,488        1,396,720        1,393,567         3,153            0
  7     60,793,152        1,396,720        1,393,567         3,153            0
  8     69,080,816        1,396,720        1,393,567         3,153            0
  9     77,368,480        1,396,720        1,393,567         3,153            0
 10     85,656,144        1,396,720        1,393,567         3,153            0
 11     93,943,808        1,396,720        1,393,567         3,153            0
 12    102,231,472        1,396,720        1,393,567         3,153            0
 13    110,519,136        1,396,720        1,393,567         3,153            0
 14    119,842,758        1,396,720        1,393,567         3,153            0
 15    128,130,422        1,396,720        1,393,567         3,153            0
 16    136,418,086        1,396,720        1,393,567         3,153            0
 17    145,741,708        1,396,720        1,393,567         3,153            0
 18    154,029,372        1,396,720        1,393,567         3,153            0
 19    162,317,036        1,396,720        1,393,567         3,153            0
 20    171,640,658        1,396,720        1,393,567         3,153            0
 21    179,928,322        1,396,720        1,393,567         3,153            0
 22    188,215,986        1,396,720        1,393,567         3,153            0
 23    197,539,608        1,396,720        1,393,567         3,153            0
 24    205,827,272        1,396,720        1,393,567         3,153            0
 25    214,114,936        1,396,720        1,393,567         3,153            0
 26    222,402,600        1,396,720        1,393,567         3,153            0
 27    230,690,264        1,396,720        1,393,567         3,153            0
 28    238,977,928        1,396,720        1,393,567         3,153            0
 29    247,265,592        1,396,720        1,393,567         3,153            0
 30    255,553,256        1,396,720        1,393,567         3,153            0
 31    263,840,920        1,396,720        1,393,567         3,153            0
 32    272,128,584        1,396,720        1,393,567         3,153            0
 33    280,416,248        1,396,720        1,393,567         3,153            0
 34    288,703,912        1,396,720        1,393,567         3,153            0
 35    296,991,576        1,396,720        1,393,567         3,153            0
 36    308,683,102        1,396,720        1,393,567         3,153            0
 37    323,778,490        1,396,720        1,393,567         3,153            0
 38    338,873,878        1,396,720        1,393,567         3,153            0
 39    353,969,266        1,396,720        1,393,567         3,153            0
 40    369,064,654        1,396,720        1,393,567         3,153            0
 41    384,160,042        1,396,720        1,393,567         3,153            0
 42    399,255,430        1,396,720        1,393,567         3,153            0
 43    414,350,818        1,396,720        1,393,567         3,153            0
 44    429,446,206        1,396,720        1,393,567         3,153            0
 45    444,541,594        1,396,720        1,393,567         3,153            0
 46    459,636,982        1,396,720        1,393,567         3,153            0
 47    474,732,370        1,396,720        1,393,567         3,153            0
 48    482,280,064        1,396,720        1,393,567         3,153            0
 49    489,827,758        1,396,720        1,393,567         3,153            0
 50    497,375,452        1,396,720        1,393,567         3,153            0
 51    504,923,146        1,396,720        1,393,567         3,153            0
 52    512,470,840        1,396,720        1,393,567         3,153            0
 53    520,018,534        1,396,720        1,393,567         3,153            0
 54    527,566,228        1,396,720        1,393,567         3,153            0
99.77% (1,393,567B) (heap allocation functions) malloc/new/new[], --alloc-fns, etc.
->93.84% (1,310,720B) 0x10F5D7: get_map (maps.c:41)
| ->93.84% (1,310,720B) 0x10F48B: main (main.c:11)
|   
->01.99% (27,783B) in 65 places, all below massif's threshold (1.00%)
| 
->01.52% (21,208B) 0x4C0BF47: xcb_connect_to_fd (in /usr/lib/aarch64-linux-gnu/libxcb.so.1.1.0)
| ->01.52% (21,208B) 0x4C105A7: xcb_connect_to_display_with_auth_info (in /usr/lib/aarch64-linux-gnu/libxcb.so.1.1.0)
|   ->01.52% (21,208B) 0x49335E3: _XConnectXCB (in /usr/lib/aarch64-linux-gnu/libX11.so.6.4.0)
|     ->01.52% (21,208B) 0x49244AB: XOpenDisplay (in /usr/lib/aarch64-linux-gnu/libX11.so.6.4.0)
|       ->01.52% (21,208B) 0x10FCE7: mlx_init (in /home/svn7zv/C42/02_CommonCore/2_ring/2_so_long/so_long)
|         ->01.52% (21,208B) 0x10E673: get_assets (assets.c:35)
|           ->01.52% (21,208B) 0x10F497: main (main.c:12)
|             
->01.25% (17,472B) 0x492493F: XOpenDisplay (in /usr/lib/aarch64-linux-gnu/libX11.so.6.4.0)
| ->01.25% (17,472B) 0x10FCE7: mlx_init (in /home/svn7zv/C42/02_CommonCore/2_ring/2_so_long/so_long)
|   ->01.25% (17,472B) 0x10E673: get_assets (assets.c:35)
|     ->01.25% (17,472B) 0x10F497: main (main.c:12)
|       
->01.17% (16,384B) 0x492466B: XOpenDisplay (in /usr/lib/aarch64-linux-gnu/libX11.so.6.4.0)
  ->01.17% (16,384B) 0x10FCE7: mlx_init (in /home/svn7zv/C42/02_CommonCore/2_ring/2_so_long/so_long)
    ->01.17% (16,384B) 0x10E673: get_assets (assets.c:35)
      ->01.17% (16,384B) 0x10F497: main (main.c:12)
        
--------------------------------------------------------------------------------
  n        time(i)         total(B)   useful-heap(B) extra-heap(B)    stacks(B)
--------------------------------------------------------------------------------
 55    535,113,922        1,396,720        1,393,567         3,153            0
 56    542,661,616        1,396,720        1,393,567         3,153            0
 57    550,209,310        1,396,720        1,393,567         3,153            0
 58    557,757,008        1,396,720        1,393,567         3,153            0
 59    565,304,702        1,396,720        1,393,567         3,153            0
 60    572,852,396        1,396,720        1,393,567         3,153            0
 61    580,400,090        1,396,720        1,393,567         3,153            0
 62    587,947,784        1,396,720        1,393,567         3,153            0
 63    595,495,478        1,396,720        1,393,567         3,153            0
 64    603,043,172        1,396,720        1,393,567         3,153            0
99.77% (1,393,567B) (heap allocation functions) malloc/new/new[], --alloc-fns, etc.
->93.84% (1,310,720B) 0x10F5D7: get_map (maps.c:41)
| ->93.84% (1,310,720B) 0x10F48B: main (main.c:11)
|   
->01.99% (27,783B) in 65 places, all below massif's threshold (1.00%)
| 
->01.52% (21,208B) 0x4C0BF47: xcb_connect_to_fd (in /usr/lib/aarch64-linux-gnu/libxcb.so.1.1.0)
| ->01.52% (21,208B) 0x4C105A7: xcb_connect_to_display_with_auth_info (in /usr/lib/aarch64-linux-gnu/libxcb.so.1.1.0)
|   ->01.52% (21,208B) 0x49335E3: _XConnectXCB (in /usr/lib/aarch64-linux-gnu/libX11.so.6.4.0)
|     ->01.52% (21,208B) 0x49244AB: XOpenDisplay (in /usr/lib/aarch64-linux-gnu/libX11.so.6.4.0)
|       ->01.52% (21,208B) 0x10FCE7: mlx_init (in /home/svn7zv/C42/02_CommonCore/2_ring/2_so_long/so_long)
|         ->01.52% (21,208B) 0x10E673: get_assets (assets.c:35)
|           ->01.52% (21,208B) 0x10F497: main (main.c:12)
|             
->01.25% (17,472B) 0x492493F: XOpenDisplay (in /usr/lib/aarch64-linux-gnu/libX11.so.6.4.0)
| ->01.25% (17,472B) 0x10FCE7: mlx_init (in /home/svn7zv/C42/02_CommonCore/2_ring/2_so_long/so_long)
|   ->01.25% (17,472B) 0x10E673: get_assets (assets.c:35)
|     ->01.25% (17,472B) 0x10F497: main (main.c:12)
|       
->01.17% (16,384B) 0x492466B: XOpenDisplay (in /usr/lib/aarch64-linux-gnu/libX11.so.6.4.0)
  ->01.17% (16,384B) 0x10FCE7: mlx_init (in /home/svn7zv/C42/02_CommonCore/2_ring/2_so_long/so_long)
    ->01.17% (16,384B) 0x10E673: get_assets (assets.c:35)
      ->01.17% (16,384B) 0x10F497: main (main.c:12)
        
--------------------------------------------------------------------------------
  n        time(i)         total(B)   useful-heap(B) extra-heap(B)    stacks(B)
--------------------------------------------------------------------------------
 65    610,590,866        1,396,720        1,393,567         3,153            0
 66    618,138,560        1,396,720        1,393,567         3,153            0
 67    625,686,254        1,396,720        1,393,567         3,153            0
 68    633,233,948        1,396,720        1,393,567         3,153            0
 69    640,781,642        1,396,720        1,393,567         3,153            0
 70    648,329,336        1,396,720        1,393,567         3,153            0
 71    655,877,030        1,396,720        1,393,567         3,153            0
 72    663,424,724        1,396,720        1,393,567         3,153            0
 73    670,972,418        1,396,720        1,393,567         3,153            0
 74    678,520,112        1,396,720        1,393,567         3,153            0
99.77% (1,393,567B) (heap allocation functions) malloc/new/new[], --alloc-fns, etc.
->93.84% (1,310,720B) 0x10F5D7: get_map (maps.c:41)
| ->93.84% (1,310,720B) 0x10F48B: main (main.c:11)
|   
->01.99% (27,783B) in 65 places, all below massif's threshold (1.00%)
| 
->01.52% (21,208B) 0x4C0BF47: xcb_connect_to_fd (in /usr/lib/aarch64-linux-gnu/libxcb.so.1.1.0)
| ->01.52% (21,208B) 0x4C105A7: xcb_connect_to_display_with_auth_info (in /usr/lib/aarch64-linux-gnu/libxcb.so.1.1.0)
|   ->01.52% (21,208B) 0x49335E3: _XConnectXCB (in /usr/lib/aarch64-linux-gnu/libX11.so.6.4.0)
|     ->01.52% (21,208B) 0x49244AB: XOpenDisplay (in /usr/lib/aarch64-linux-gnu/libX11.so.6.4.0)
|       ->01.52% (21,208B) 0x10FCE7: mlx_init (in /home/svn7zv/C42/02_CommonCore/2_ring/2_so_long/so_long)
|         ->01.52% (21,208B) 0x10E673: get_assets (assets.c:35)
|           ->01.52% (21,208B) 0x10F497: main (main.c:12)
|             
->01.25% (17,472B) 0x492493F: XOpenDisplay (in /usr/lib/aarch64-linux-gnu/libX11.so.6.4.0)
| ->01.25% (17,472B) 0x10FCE7: mlx_init (in /home/svn7zv/C42/02_CommonCore/2_ring/2_so_long/so_long)
|   ->01.25% (17,472B) 0x10E673: get_assets (assets.c:35)
|     ->01.25% (17,472B) 0x10F497: main (main.c:12)
|       
->01.17% (16,384B) 0x492466B: XOpenDisplay (in /usr/lib/aarch64-linux-gnu/libX11.so.6.4.0)
  ->01.17% (16,384B) 0x10FCE7: mlx_init (in /home/svn7zv/C42/02_CommonCore/2_ring/2_so_long/so_long)
    ->01.17% (16,384B) 0x10E673: get_assets (assets.c:35)
      ->01.17% (16,384B) 0x10F497: main (main.c:12)
        
--------------------------------------------------------------------------------
  n        time(i)         total(B)   useful-heap(B) extra-heap(B)    stacks(B)
--------------------------------------------------------------------------------
 75    686,067,806        1,396,720        1,393,567         3,153            0
 76    693,615,500        1,396,720        1,393,567         3,153            0
 77    701,163,194        1,396,720        1,393,567         3,153            0
 78    708,710,888        1,396,720        1,393,567         3,153            0
 79    716,258,582        1,396,720        1,393,567         3,153            0
 80    723,806,276        1,396,720        1,393,567         3,153            0
 81    729,466,219        1,402,288        1,399,051         3,237            0
99.77% (1,399,051B) (heap allocation functions) malloc/new/new[], --alloc-fns, etc.
->93.47% (1,310,720B) 0x10F5D7: get_map (maps.c:41)
| ->93.47% (1,310,720B) 0x10F48B: main (main.c:11)
|   
->02.37% (33,267B) in 67 places, all below massif's threshold (1.00%)
| 
->01.51% (21,208B) 0x4C0BF47: xcb_connect_to_fd (in /usr/lib/aarch64-linux-gnu/libxcb.so.1.1.0)
| ->01.51% (21,208B) 0x4C105A7: xcb_connect_to_display_with_auth_info (in /usr/lib/aarch64-linux-gnu/libxcb.so.1.1.0)
|   ->01.51% (21,208B) 0x49335E3: _XConnectXCB (in /usr/lib/aarch64-linux-gnu/libX11.so.6.4.0)
|     ->01.51% (21,208B) 0x49244AB: XOpenDisplay (in /usr/lib/aarch64-linux-gnu/libX11.so.6.4.0)
|       ->01.51% (21,208B) 0x10FCE7: mlx_init (in /home/svn7zv/C42/02_CommonCore/2_ring/2_so_long/so_long)
|         ->01.51% (21,208B) 0x10E673: get_assets (assets.c:35)
|           ->01.51% (21,208B) 0x10F497: main (main.c:12)
|             
->01.25% (17,472B) 0x492493F: XOpenDisplay (in /usr/lib/aarch64-linux-gnu/libX11.so.6.4.0)
| ->01.25% (17,472B) 0x10FCE7: mlx_init (in /home/svn7zv/C42/02_CommonCore/2_ring/2_so_long/so_long)
|   ->01.25% (17,472B) 0x10E673: get_assets (assets.c:35)
|     ->01.25% (17,472B) 0x10F497: main (main.c:12)
|       
->01.17% (16,384B) 0x492466B: XOpenDisplay (in /usr/lib/aarch64-linux-gnu/libX11.so.6.4.0)
  ->01.17% (16,384B) 0x10FCE7: mlx_init (in /home/svn7zv/C42/02_CommonCore/2_ring/2_so_long/so_long)
    ->01.17% (16,384B) 0x10E673: get_assets (assets.c:35)
      ->01.17% (16,384B) 0x10F497: main (main.c:12)
        
